# JRE version: OpenJDK Runtime Environment Zulu17.30+15-CA (17.0.1+12) (build 17.0.1+12-LTS)
# Java VM: OpenJDK 64-Bit Server VM Zulu17.30+15-CA (17.0.1+12-LTS, mixed mode, sharing, tiered, compressed oops, compressed class ptrs, g1 gc, windows-amd64)
GC Precious Log:
 CPUs: 4 total, 4 available
 Memory: 4009M
 Large Page Support: Disabled
 NUMA Support: Disabled
 Compressed Oops: Enabled (32-bit)
 Heap Region Size: 1M
 Heap Min Capacity: 8M
 Heap Initial Capacity: 64M
 Heap Max Capacity: 1004M
 Pre-touch: Disabled
 Parallel Workers: 4
 Concurrent Workers: 1
 Concurrent Refinement Workers: 4
 Periodic GC: Disabled
Heap:
 garbage-first heap   total 95232K, used 57537K [0x00000000c1400000, 0x0000000100000000)
  region size 1024K, 13 young (13312K), 1 survivors (1024K)
 Metaspace       used 64804K, committed 65408K, reserved 1105920K
  class space    used 8654K, committed 8960K, reserved 1048576K
GC Heap History (20 events):
Event: 314.362 GC heap before
{Heap before GC invocations=47 (full 1):
 garbage-first heap   total 72704K, used 56483K [0x00000000c1400000, 0x0000000100000000)
  region size 1024K, 20 young (20480K), 3 survivors (3072K)
 Metaspace       used 63647K, committed 64256K, reserved 1105920K
  class space    used 8579K, committed 8896K, reserved 1048576K
}
Event: 314.374 GC heap after
{Heap after GC invocations=48 (full 1):
 garbage-first heap   total 72704K, used 40621K [0x00000000c1400000, 0x0000000100000000)
  region size 1024K, 2 young (2048K), 2 survivors (2048K)
 Metaspace       used 63647K, committed 64256K, reserved 1105920K
  class space    used 8579K, committed 8896K, reserved 1048576K
}
Event: 315.012 GC heap before
{Heap before GC invocations=49 (full 1):
 garbage-first heap   total 78848K, used 57005K [0x00000000c1400000, 0x0000000100000000)
  region size 1024K, 18 young (18432K), 2 survivors (2048K)
 Metaspace       used 63667K, committed 64256K, reserved 1105920K
  class space    used 8582K, committed 8896K, reserved 1048576K
}
Event: 315.016 GC heap after
{Heap after GC invocations=50 (full 1):
 garbage-first heap   total 95232K, used 41736K [0x00000000c1400000, 0x0000000100000000)
  region size 1024K, 3 young (3072K), 3 survivors (3072K)
 Metaspace       used 63667K, committed 64256K, reserved 1105920K
  class space    used 8582K, committed 8896K, reserved 1048576K
}
Event: 341.696 GC heap before
{Heap before GC invocations=50 (full 1):
 garbage-first heap   total 95232K, used 75528K [0x00000000c1400000, 0x0000000100000000)
  region size 1024K, 36 young (36864K), 3 survivors (3072K)
 Metaspace       used 63804K, committed 64384K, reserved 1105920K
  class space    used 8591K, committed 8896K, reserved 1048576K
}
Event: 341.755 GC heap after
{Heap after GC invocations=51 (full 1):
 garbage-first heap   total 95232K, used 44812K [0x00000000c1400000, 0x0000000100000000)
  region size 1024K, 5 young (5120K), 5 survivors (5120K)
 Metaspace       used 63804K, committed 64384K, reserved 1105920K
  class space    used 8591K, committed 8896K, reserved 1048576K
}
Event: 344.002 GC heap before
{Heap before GC invocations=51 (full 1):
 garbage-first heap   total 95232K, used 74508K [0x00000000c1400000, 0x0000000100000000)
  region size 1024K, 34 young (34816K), 5 survivors (5120K)
 Metaspace       used 63838K, committed 64448K, reserved 1105920K
  class space    used 8596K, committed 8896K, reserved 1048576K
}
Event: 344.047 GC heap after
{Heap after GC invocations=52 (full 1):
 garbage-first heap   total 95232K, used 45952K [0x00000000c1400000, 0x0000000100000000)
  region size 1024K, 2 young (2048K), 2 survivors (2048K)
 Metaspace       used 63838K, committed 64448K, reserved 1105920K
  class space    used 8596K, committed 8896K, reserved 1048576K
}
Event: 347.028 GC heap before
{Heap before GC invocations=52 (full 1):
 garbage-first heap   total 95232K, used 75648K [0x00000000c1400000, 0x0000000100000000)
  region size 1024K, 31 young (31744K), 2 survivors (2048K)
 Metaspace       used 63967K, committed 64576K, reserved 1105920K
  class space    used 8610K, committed 8896K, reserved 1048576K
}
Event: 347.052 GC heap after
{Heap after GC invocations=53 (full 1):
 garbage-first heap   total 95232K, used 47747K [0x00000000c1400000, 0x0000000100000000)
  region size 1024K, 4 young (4096K), 4 survivors (4096K)
 Metaspace       used 63967K, committed 64576K, reserved 1105920K
  class space    used 8610K, committed 8896K, reserved 1048576K
}
Event: 351.031 GC heap before
{Heap before GC invocations=54 (full 1):
 garbage-first heap   total 95232K, used 74371K [0x00000000c1400000, 0x0000000100000000)
  region size 1024K, 31 young (31744K), 4 survivors (4096K)
 Metaspace       used 64061K, committed 64640K, reserved 1105920K
  class space    used 8611K, committed 8896K, reserved 1048576K
}
Event: 351.053 GC heap after
{Heap after GC invocations=55 (full 1):
 garbage-first heap   total 95232K, used 47930K [0x00000000c1400000, 0x0000000100000000)
  region size 1024K, 4 young (4096K), 4 survivors (4096K)
 Metaspace       used 64061K, committed 64640K, reserved 1105920K
  class space    used 8611K, committed 8896K, reserved 1048576K
}
Event: 351.094 GC heap before
{Heap before GC invocations=55 (full 1):
 garbage-first heap   total 95232K, used 48954K [0x00000000c1400000, 0x0000000100000000)
  region size 1024K, 5 young (5120K), 4 survivors (4096K)
 Metaspace       used 64062K, committed 64640K, reserved 1105920K
  class space    used 8611K, committed 8896K, reserved 1048576K
}
Event: 351.111 GC heap after
{Heap after GC invocations=56 (full 1):
 garbage-first heap   total 95232K, used 43486K [0x00000000c1400000, 0x0000000100000000)
  region size 1024K, 1 young (1024K), 1 survivors (1024K)
 Metaspace       used 64062K, committed 64640K, reserved 1105920K
  class space    used 8611K, committed 8896K, reserved 1048576K
}
Event: 353.213 GC heap before
{Heap before GC invocations=56 (full 1):
 garbage-first heap   total 95232K, used 76254K [0x00000000c1400000, 0x0000000100000000)
  region size 1024K, 33 young (33792K), 1 survivors (1024K)
 Metaspace       used 64185K, committed 64768K, reserved 1105920K
  class space    used 8619K, committed 8896K, reserved 1048576K
}
Event: 353.220 GC heap after
{Heap after GC invocations=57 (full 1):
 garbage-first heap   total 95232K, used 44562K [0x00000000c1400000, 0x0000000100000000)
  region size 1024K, 2 young (2048K), 2 survivors (2048K)
 Metaspace       used 64185K, committed 64768K, reserved 1105920K
  class space    used 8619K, committed 8896K, reserved 1048576K
}
Event: 356.057 GC heap before
{Heap before GC invocations=58 (full 1):
 garbage-first heap   total 95232K, used 77330K [0x00000000c1400000, 0x0000000100000000)
  region size 1024K, 34 young (34816K), 2 survivors (2048K)
 Metaspace       used 64598K, committed 65216K, reserved 1105920K
  class space    used 8651K, committed 8960K, reserved 1048576K
}
Event: 356.095 GC heap after
{Heap after GC invocations=59 (full 1):
 garbage-first heap   total 95232K, used 46919K [0x00000000c1400000, 0x0000000100000000)
  region size 1024K, 4 young (4096K), 4 survivors (4096K)
 Metaspace       used 64598K, committed 65216K, reserved 1105920K
  class space    used 8651K, committed 8960K, reserved 1048576K
}
Event: 356.141 GC heap before
{Heap before GC invocations=59 (full 1):
 garbage-first heap   total 95232K, used 47943K [0x00000000c1400000, 0x0000000100000000)
  region size 1024K, 5 young (5120K), 4 survivors (4096K)
 Metaspace       used 64605K, committed 65216K, reserved 1105920K
  class space    used 8651K, committed 8960K, reserved 1048576K
}
Event: 356.186 GC heap after
{Heap after GC invocations=60 (full 1):
 garbage-first heap   total 95232K, used 46273K [0x00000000c1400000, 0x0000000100000000)
  region size 1024K, 1 young (1024K), 1 survivors (1024K)
 Metaspace       used 64605K, committed 65216K, reserved 1105920K
  class space    used 8651K, committed 8960K, reserved 1048576K
}

