# JRE version: OpenJDK Runtime Environment Zulu17.30+15-CA (17.0.1+12) (build 17.0.1+12-LTS)
# Java VM: OpenJDK 64-Bit Server VM Zulu17.30+15-CA (17.0.1+12-LTS, mixed mode, sharing, tiered, compressed oops, compressed class ptrs, g1 gc, windows-amd64)
GC Precious Log:
 CPUs: 4 total, 4 available
 Memory: 4009M
 Large Page Support: Disabled
 NUMA Support: Disabled
 Compressed Oops: Enabled (32-bit)
 Heap Region Size: 1M
 Heap Min Capacity: 8M
 Heap Initial Capacity: 64M
 Heap Max Capacity: 1004M
 Pre-touch: Disabled
 Parallel Workers: 4
 Concurrent Workers: 1
 Concurrent Refinement Workers: 4
 Periodic GC: Disabled
Heap:
 garbage-first heap   total 66560K, used 33315K [0x00000000c1400000, 0x0000000100000000)
  region size 1024K, 14 young (14336K), 3 survivors (3072K)
 Metaspace       used 37861K, committed 38208K, reserved 1089536K
  class space    used 4871K, committed 5056K, reserved 1048576K
GC Heap History (20 events):
Event: 4.838 GC heap before
{Heap before GC invocations=2 (full 0):
 garbage-first heap   total 65536K, used 27484K [0x00000000c1400000, 0x0000000100000000)
  region size 1024K, 23 young (23552K), 2 survivors (2048K)
 Metaspace       used 9807K, committed 10048K, reserved 1064960K
  class space    used 1221K, committed 1344K, reserved 1048576K
}
Event: 4.849 GC heap after
{Heap after GC invocations=3 (full 0):
 garbage-first heap   total 65536K, used 8665K [0x00000000c1400000, 0x0000000100000000)
  region size 1024K, 2 young (2048K), 2 survivors (2048K)
 Metaspace       used 9807K, committed 10048K, reserved 1064960K
  class space    used 1221K, committed 1344K, reserved 1048576K
}
Event: 6.046 GC heap before
{Heap before GC invocations=3 (full 0):
 garbage-first heap   total 65536K, used 39385K [0x00000000c1400000, 0x0000000100000000)
  region size 1024K, 33 young (33792K), 2 survivors (2048K)
 Metaspace       used 16179K, committed 16448K, reserved 1064960K
  class space    used 2095K, committed 2240K, reserved 1048576K
}
Event: 6.054 GC heap after
{Heap after GC invocations=4 (full 0):
 garbage-first heap   total 65536K, used 10550K [0x00000000c1400000, 0x0000000100000000)
  region size 1024K, 4 young (4096K), 4 survivors (4096K)
 Metaspace       used 16179K, committed 16448K, reserved 1064960K
  class space    used 2095K, committed 2240K, reserved 1048576K
}
Event: 6.912 GC heap before
{Heap before GC invocations=4 (full 0):
 garbage-first heap   total 65536K, used 43318K [0x00000000c1400000, 0x0000000100000000)
  region size 1024K, 37 young (37888K), 4 survivors (4096K)
 Metaspace       used 20890K, committed 21120K, reserved 1073152K
  class space    used 2635K, committed 2752K, reserved 1048576K
}
Event: 6.923 GC heap after
{Heap after GC invocations=5 (full 0):
 garbage-first heap   total 65536K, used 14281K [0x00000000c1400000, 0x0000000100000000)
  region size 1024K, 5 young (5120K), 5 survivors (5120K)
 Metaspace       used 20890K, committed 21120K, reserved 1073152K
  class space    used 2635K, committed 2752K, reserved 1048576K
}
Event: 6.966 GC heap before
{Heap before GC invocations=5 (full 0):
 garbage-first heap   total 65536K, used 15305K [0x00000000c1400000, 0x0000000100000000)
  region size 1024K, 7 young (7168K), 5 survivors (5120K)
 Metaspace       used 21259K, committed 21504K, reserved 1073152K
  class space    used 2673K, committed 2816K, reserved 1048576K
}
Event: 6.979 GC heap after
{Heap after GC invocations=6 (full 0):
 garbage-first heap   total 65536K, used 15360K [0x00000000c1400000, 0x0000000100000000)
  region size 1024K, 1 young (1024K), 1 survivors (1024K)
 Metaspace       used 21259K, committed 21504K, reserved 1073152K
  class space    used 2673K, committed 2816K, reserved 1048576K
}
Event: 7.883 GC heap before
{Heap before GC invocations=7 (full 0):
 garbage-first heap   total 55296K, used 37888K [0x00000000c1400000, 0x0000000100000000)
  region size 1024K, 23 young (23552K), 1 survivors (1024K)
 Metaspace       used 24189K, committed 24512K, reserved 1073152K
  class space    used 3078K, committed 3264K, reserved 1048576K
}
Event: 7.892 GC heap after
{Heap after GC invocations=8 (full 0):
 garbage-first heap   total 55296K, used 16542K [0x00000000c1400000, 0x0000000100000000)
  region size 1024K, 3 young (3072K), 3 survivors (3072K)
 Metaspace       used 24189K, committed 24512K, reserved 1073152K
  class space    used 3078K, committed 3264K, reserved 1048576K
}
Event: 8.665 GC heap before
{Heap before GC invocations=8 (full 0):
 garbage-first heap   total 55296K, used 32926K [0x00000000c1400000, 0x0000000100000000)
  region size 1024K, 20 young (20480K), 3 survivors (3072K)
 Metaspace       used 27308K, committed 27584K, reserved 1073152K
  class space    used 3539K, committed 3648K, reserved 1048576K
}
Event: 8.678 GC heap after
{Heap after GC invocations=9 (full 0):
 garbage-first heap   total 55296K, used 18139K [0x00000000c1400000, 0x0000000100000000)
  region size 1024K, 2 young (2048K), 2 survivors (2048K)
 Metaspace       used 27308K, committed 27584K, reserved 1073152K
  class space    used 3539K, committed 3648K, reserved 1048576K
}
Event: 9.332 GC heap before
{Heap before GC invocations=9 (full 0):
 garbage-first heap   total 55296K, used 36571K [0x00000000c1400000, 0x0000000100000000)
  region size 1024K, 20 young (20480K), 2 survivors (2048K)
 Metaspace       used 29506K, committed 29824K, reserved 1081344K
  class space    used 3766K, committed 3904K, reserved 1048576K
}
Event: 9.342 GC heap after
{Heap after GC invocations=10 (full 0):
 garbage-first heap   total 55296K, used 20288K [0x00000000c1400000, 0x0000000100000000)
  region size 1024K, 1 young (1024K), 1 survivors (1024K)
 Metaspace       used 29506K, committed 29824K, reserved 1081344K
  class space    used 3766K, committed 3904K, reserved 1048576K
}
Event: 9.913 GC heap before
{Heap before GC invocations=10 (full 0):
 garbage-first heap   total 55296K, used 38720K [0x00000000c1400000, 0x0000000100000000)
  region size 1024K, 19 young (19456K), 1 survivors (1024K)
 Metaspace       used 30712K, committed 31040K, reserved 1081344K
  class space    used 3942K, committed 4096K, reserved 1048576K
}
Event: 9.919 GC heap after
{Heap after GC invocations=11 (full 0):
 garbage-first heap   total 55296K, used 19834K [0x00000000c1400000, 0x0000000100000000)
  region size 1024K, 2 young (2048K), 2 survivors (2048K)
 Metaspace       used 30712K, committed 31040K, reserved 1081344K
  class space    used 3942K, committed 4096K, reserved 1048576K
}
Event: 10.758 GC heap before
{Heap before GC invocations=11 (full 0):
 garbage-first heap   total 55296K, used 39290K [0x00000000c1400000, 0x0000000100000000)
  region size 1024K, 21 young (21504K), 2 survivors (2048K)
 Metaspace       used 33678K, committed 33984K, reserved 1081344K
  class space    used 4378K, committed 4544K, reserved 1048576K
}
Event: 10.763 GC heap after
{Heap after GC invocations=12 (full 0):
 garbage-first heap   total 66560K, used 21797K [0x00000000c1400000, 0x0000000100000000)
  region size 1024K, 3 young (3072K), 3 survivors (3072K)
 Metaspace       used 33678K, committed 33984K, reserved 1081344K
  class space    used 4378K, committed 4544K, reserved 1048576K
}
Event: 11.521 GC heap before
{Heap before GC invocations=12 (full 0):
 garbage-first heap   total 66560K, used 37157K [0x00000000c1400000, 0x0000000100000000)
  region size 1024K, 20 young (20480K), 3 survivors (3072K)
 Metaspace       used 36011K, committed 36288K, reserved 1081344K
  class space    used 4680K, committed 4800K, reserved 1048576K
}
Event: 11.530 GC heap after
{Heap after GC invocations=13 (full 0):
 garbage-first heap   total 66560K, used 23075K [0x00000000c1400000, 0x0000000100000000)
  region size 1024K, 3 young (3072K), 3 survivors (3072K)
 Metaspace       used 36011K, committed 36288K, reserved 1081344K
  class space    used 4680K, committed 4800K, reserved 1048576K
}

